# JRE version: OpenJDK Runtime Environment Temurin-17.0.11+9 (17.0.11+9) (build 17.0.11+9)
# Java VM: OpenJDK 64-Bit Server VM Temurin-17.0.11+9 (17.0.11+9, mixed mode, emulated-client, tiered, compressed oops, compressed class ptrs, g1 gc, windows-amd64)
GC Precious Log:
 CPUs: 8 total, 8 available
 Memory: 3982M
 Large Page Support: Disabled
 NUMA Support: Disabled
 Compressed Oops: Enabled (32-bit)
 Heap Region Size: 1M
 Heap Min Capacity: 8M
 Heap Initial Capacity: 64M
 Heap Max Capacity: 1G
 Pre-touch: Disabled
 Parallel Workers: 8
 Concurrent Workers: 2
 Concurrent Refinement Workers: 8
 Periodic GC: Disabled
Heap:
 garbage-first heap   total 65536K, used 27008K [0x00000000c0000000, 0x0000000100000000)
  region size 1024K, 1 young (1024K), 0 survivors (0K)
 Metaspace       used 48319K, committed 48896K, reserved 1114112K
  class space    used 6254K, committed 6464K, reserved 1048576K
GC Heap History (20 events):
Event: 24793.676 GC heap before
{Heap before GC invocations=2398 (full 2382):
 garbage-first heap   total 65536K, used 27008K [0x00000000c0000000, 0x0000000100000000)
  region size 1024K, 1 young (1024K), 0 survivors (0K)
 Metaspace       used 48319K, committed 48896K, reserved 1114112K
  class space    used 6254K, committed 6464K, reserved 1048576K
}
Event: 24793.728 GC heap after
{Heap after GC invocations=2399 (full 2383):
 garbage-first heap   total 65536K, used 27008K [0x00000000c0000000, 0x0000000100000000)
  region size 1024K, 0 young (0K), 0 survivors (0K)
 Metaspace       used 48319K, committed 48896K, reserved 1114112K
  class space    used 6254K, committed 6464K, reserved 1048576K
}
Event: 24804.087 GC heap before
{Heap before GC invocations=2399 (full 2383):
 garbage-first heap   total 65536K, used 27008K [0x00000000c0000000, 0x0000000100000000)
  region size 1024K, 1 young (1024K), 0 survivors (0K)
 Metaspace       used 48319K, committed 48896K, reserved 1114112K
  class space    used 6254K, committed 6464K, reserved 1048576K
}
Event: 24804.139 GC heap after
{Heap after GC invocations=2400 (full 2384):
 garbage-first heap   total 65536K, used 27008K [0x00000000c0000000, 0x0000000100000000)
  region size 1024K, 0 young (0K), 0 survivors (0K)
 Metaspace       used 48319K, committed 48896K, reserved 1114112K
  class space    used 6254K, committed 6464K, reserved 1048576K
}
Event: 24814.423 GC heap before
{Heap before GC invocations=2400 (full 2384):
 garbage-first heap   total 65536K, used 27008K [0x00000000c0000000, 0x0000000100000000)
  region size 1024K, 1 young (1024K), 0 survivors (0K)
 Metaspace       used 48319K, committed 48896K, reserved 1114112K
  class space    used 6254K, committed 6464K, reserved 1048576K
}
Event: 24814.481 GC heap after
{Heap after GC invocations=2401 (full 2385):
 garbage-first heap   total 65536K, used 27008K [0x00000000c0000000, 0x0000000100000000)
  region size 1024K, 0 young (0K), 0 survivors (0K)
 Metaspace       used 48319K, committed 48896K, reserved 1114112K
  class space    used 6254K, committed 6464K, reserved 1048576K
}
Event: 24824.788 GC heap before
{Heap before GC invocations=2401 (full 2385):
 garbage-first heap   total 65536K, used 27008K [0x00000000c0000000, 0x0000000100000000)
  region size 1024K, 1 young (1024K), 0 survivors (0K)
 Metaspace       used 48319K, committed 48896K, reserved 1114112K
  class space    used 6254K, committed 6464K, reserved 1048576K
}
Event: 24824.842 GC heap after
{Heap after GC invocations=2402 (full 2386):
 garbage-first heap   total 65536K, used 27008K [0x00000000c0000000, 0x0000000100000000)
  region size 1024K, 0 young (0K), 0 survivors (0K)
 Metaspace       used 48319K, committed 48896K, reserved 1114112K
  class space    used 6254K, committed 6464K, reserved 1048576K
}
Event: 24835.197 GC heap before
{Heap before GC invocations=2402 (full 2386):
 garbage-first heap   total 65536K, used 27008K [0x00000000c0000000, 0x0000000100000000)
  region size 1024K, 1 young (1024K), 0 survivors (0K)
 Metaspace       used 48319K, committed 48896K, reserved 1114112K
  class space    used 6254K, committed 6464K, reserved 1048576K
}
Event: 24835.318 GC heap after
{Heap after GC invocations=2403 (full 2387):
 garbage-first heap   total 65536K, used 27008K [0x00000000c0000000, 0x0000000100000000)
  region size 1024K, 0 young (0K), 0 survivors (0K)
 Metaspace       used 48319K, committed 48896K, reserved 1114112K
  class space    used 6254K, committed 6464K, reserved 1048576K
}
Event: 24845.628 GC heap before
{Heap before GC invocations=2403 (full 2387):
 garbage-first heap   total 65536K, used 27008K [0x00000000c0000000, 0x0000000100000000)
  region size 1024K, 1 young (1024K), 0 survivors (0K)
 Metaspace       used 48319K, committed 48896K, reserved 1114112K
  class space    used 6254K, committed 6464K, reserved 1048576K
}
Event: 24845.679 GC heap after
{Heap after GC invocations=2404 (full 2388):
 garbage-first heap   total 65536K, used 27008K [0x00000000c0000000, 0x0000000100000000)
  region size 1024K, 0 young (0K), 0 survivors (0K)
 Metaspace       used 48319K, committed 48896K, reserved 1114112K
  class space    used 6254K, committed 6464K, reserved 1048576K
}
Event: 24856.017 GC heap before
{Heap before GC invocations=2404 (full 2388):
 garbage-first heap   total 65536K, used 27008K [0x00000000c0000000, 0x0000000100000000)
  region size 1024K, 1 young (1024K), 0 survivors (0K)
 Metaspace       used 48319K, committed 48896K, reserved 1114112K
  class space    used 6254K, committed 6464K, reserved 1048576K
}
Event: 24856.083 GC heap after
{Heap after GC invocations=2405 (full 2389):
 garbage-first heap   total 65536K, used 27008K [0x00000000c0000000, 0x0000000100000000)
  region size 1024K, 0 young (0K), 0 survivors (0K)
 Metaspace       used 48319K, committed 48896K, reserved 1114112K
  class space    used 6254K, committed 6464K, reserved 1048576K
}
Event: 24866.396 GC heap before
{Heap before GC invocations=2405 (full 2389):
 garbage-first heap   total 65536K, used 27008K [0x00000000c0000000, 0x0000000100000000)
  region size 1024K, 1 young (1024K), 0 survivors (0K)
 Metaspace       used 48319K, committed 48896K, reserved 1114112K
  class space    used 6254K, committed 6464K, reserved 1048576K
}
Event: 24866.472 GC heap after
{Heap after GC invocations=2406 (full 2390):
 garbage-first heap   total 65536K, used 27008K [0x00000000c0000000, 0x0000000100000000)
  region size 1024K, 0 young (0K), 0 survivors (0K)
 Metaspace       used 48319K, committed 48896K, reserved 1114112K
  class space    used 6254K, committed 6464K, reserved 1048576K
}
Event: 24876.751 GC heap before
{Heap before GC invocations=2406 (full 2390):
 garbage-first heap   total 65536K, used 27008K [0x00000000c0000000, 0x0000000100000000)
  region size 1024K, 1 young (1024K), 0 survivors (0K)
 Metaspace       used 48319K, committed 48896K, reserved 1114112K
  class space    used 6254K, committed 6464K, reserved 1048576K
}
Event: 24876.822 GC heap after
{Heap after GC invocations=2407 (full 2391):
 garbage-first heap   total 65536K, used 27008K [0x00000000c0000000, 0x0000000100000000)
  region size 1024K, 0 young (0K), 0 survivors (0K)
 Metaspace       used 48319K, committed 48896K, reserved 1114112K
  class space    used 6254K, committed 6464K, reserved 1048576K
}
Event: 24888.815 GC heap before
{Heap before GC invocations=2407 (full 2391):
 garbage-first heap   total 65536K, used 27008K [0x00000000c0000000, 0x0000000100000000)
  region size 1024K, 1 young (1024K), 0 survivors (0K)
 Metaspace       used 48319K, committed 48896K, reserved 1114112K
  class space    used 6254K, committed 6464K, reserved 1048576K
}
Event: 24888.911 GC heap after
{Heap after GC invocations=2408 (full 2392):
 garbage-first heap   total 65536K, used 27008K [0x00000000c0000000, 0x0000000100000000)
  region size 1024K, 0 young (0K), 0 survivors (0K)
 Metaspace       used 48319K, committed 48896K, reserved 1114112K
  class space    used 6254K, committed 6464K, reserved 1048576K
}

