# JRE version: OpenJDK Runtime Environment Temurin-17.0.11+9 (17.0.11+9) (build 17.0.11+9)
# Java VM: OpenJDK 64-Bit Server VM Temurin-17.0.11+9 (17.0.11+9, mixed mode, emulated-client, tiered, compressed oops, compressed class ptrs, g1 gc, windows-amd64)
GC Precious Log:
 CPUs: 8 total, 8 available
 Memory: 3982M
 Large Page Support: Disabled
 NUMA Support: Disabled
 Compressed Oops: Enabled (32-bit)
 Heap Region Size: 1M
 Heap Min Capacity: 8M
 Heap Initial Capacity: 64M
 Heap Max Capacity: 1G
 Pre-touch: Disabled
 Parallel Workers: 8
 Concurrent Workers: 2
 Concurrent Refinement Workers: 8
 Periodic GC: Disabled
Heap:
 garbage-first heap   total 99328K, used 28712K [0x00000000c0000000, 0x0000000100000000)
  region size 1024K, 1 young (1024K), 0 survivors (0K)
 Metaspace       used 58468K, committed 59072K, reserved 1114112K
  class space    used 7219K, committed 7488K, reserved 1048576K
GC Heap History (20 events):
Event: 20858.862 GC heap before
{Heap before GC invocations=1478 (full 1456):
 garbage-first heap   total 99328K, used 28712K [0x00000000c0000000, 0x0000000100000000)
  region size 1024K, 1 young (1024K), 0 survivors (0K)
 Metaspace       used 58468K, committed 59072K, reserved 1114112K
  class space    used 7219K, committed 7488K, reserved 1048576K
}
Event: 20858.943 GC heap after
{Heap after GC invocations=1479 (full 1457):
 garbage-first heap   total 99328K, used 28712K [0x00000000c0000000, 0x0000000100000000)
  region size 1024K, 0 young (0K), 0 survivors (0K)
 Metaspace       used 58468K, committed 59072K, reserved 1114112K
  class space    used 7219K, committed 7488K, reserved 1048576K
}
Event: 20869.279 GC heap before
{Heap before GC invocations=1479 (full 1457):
 garbage-first heap   total 99328K, used 28712K [0x00000000c0000000, 0x0000000100000000)
  region size 1024K, 1 young (1024K), 0 survivors (0K)
 Metaspace       used 58468K, committed 59072K, reserved 1114112K
  class space    used 7219K, committed 7488K, reserved 1048576K
}
Event: 20869.355 GC heap after
{Heap after GC invocations=1480 (full 1458):
 garbage-first heap   total 99328K, used 28712K [0x00000000c0000000, 0x0000000100000000)
  region size 1024K, 0 young (0K), 0 survivors (0K)
 Metaspace       used 58468K, committed 59072K, reserved 1114112K
  class space    used 7219K, committed 7488K, reserved 1048576K
}
Event: 20879.758 GC heap before
{Heap before GC invocations=1480 (full 1458):
 garbage-first heap   total 99328K, used 28712K [0x00000000c0000000, 0x0000000100000000)
  region size 1024K, 1 young (1024K), 0 survivors (0K)
 Metaspace       used 58468K, committed 59072K, reserved 1114112K
  class space    used 7219K, committed 7488K, reserved 1048576K
}
Event: 20879.844 GC heap after
{Heap after GC invocations=1481 (full 1459):
 garbage-first heap   total 99328K, used 28712K [0x00000000c0000000, 0x0000000100000000)
  region size 1024K, 0 young (0K), 0 survivors (0K)
 Metaspace       used 58468K, committed 59072K, reserved 1114112K
  class space    used 7219K, committed 7488K, reserved 1048576K
}
Event: 20890.196 GC heap before
{Heap before GC invocations=1481 (full 1459):
 garbage-first heap   total 99328K, used 28712K [0x00000000c0000000, 0x0000000100000000)
  region size 1024K, 1 young (1024K), 0 survivors (0K)
 Metaspace       used 58468K, committed 59072K, reserved 1114112K
  class space    used 7219K, committed 7488K, reserved 1048576K
}
Event: 20890.267 GC heap after
{Heap after GC invocations=1482 (full 1460):
 garbage-first heap   total 99328K, used 28712K [0x00000000c0000000, 0x0000000100000000)
  region size 1024K, 0 young (0K), 0 survivors (0K)
 Metaspace       used 58468K, committed 59072K, reserved 1114112K
  class space    used 7219K, committed 7488K, reserved 1048576K
}
Event: 20900.615 GC heap before
{Heap before GC invocations=1482 (full 1460):
 garbage-first heap   total 99328K, used 28712K [0x00000000c0000000, 0x0000000100000000)
  region size 1024K, 1 young (1024K), 0 survivors (0K)
 Metaspace       used 58468K, committed 59072K, reserved 1114112K
  class space    used 7219K, committed 7488K, reserved 1048576K
}
Event: 20900.679 GC heap after
{Heap after GC invocations=1483 (full 1461):
 garbage-first heap   total 99328K, used 28712K [0x00000000c0000000, 0x0000000100000000)
  region size 1024K, 0 young (0K), 0 survivors (0K)
 Metaspace       used 58468K, committed 59072K, reserved 1114112K
  class space    used 7219K, committed 7488K, reserved 1048576K
}
Event: 20910.992 GC heap before
{Heap before GC invocations=1483 (full 1461):
 garbage-first heap   total 99328K, used 28712K [0x00000000c0000000, 0x0000000100000000)
  region size 1024K, 1 young (1024K), 0 survivors (0K)
 Metaspace       used 58468K, committed 59072K, reserved 1114112K
  class space    used 7219K, committed 7488K, reserved 1048576K
}
Event: 20911.081 GC heap after
{Heap after GC invocations=1484 (full 1462):
 garbage-first heap   total 99328K, used 28712K [0x00000000c0000000, 0x0000000100000000)
  region size 1024K, 0 young (0K), 0 survivors (0K)
 Metaspace       used 58468K, committed 59072K, reserved 1114112K
  class space    used 7219K, committed 7488K, reserved 1048576K
}
Event: 20922.709 GC heap before
{Heap before GC invocations=1484 (full 1462):
 garbage-first heap   total 99328K, used 28712K [0x00000000c0000000, 0x0000000100000000)
  region size 1024K, 1 young (1024K), 0 survivors (0K)
 Metaspace       used 58468K, committed 59072K, reserved 1114112K
  class space    used 7219K, committed 7488K, reserved 1048576K
}
Event: 20922.802 GC heap after
{Heap after GC invocations=1485 (full 1463):
 garbage-first heap   total 99328K, used 28712K [0x00000000c0000000, 0x0000000100000000)
  region size 1024K, 0 young (0K), 0 survivors (0K)
 Metaspace       used 58468K, committed 59072K, reserved 1114112K
  class space    used 7219K, committed 7488K, reserved 1048576K
}
Event: 20933.280 GC heap before
{Heap before GC invocations=1485 (full 1463):
 garbage-first heap   total 99328K, used 28712K [0x00000000c0000000, 0x0000000100000000)
  region size 1024K, 1 young (1024K), 0 survivors (0K)
 Metaspace       used 58468K, committed 59072K, reserved 1114112K
  class space    used 7219K, committed 7488K, reserved 1048576K
}
Event: 20933.367 GC heap after
{Heap after GC invocations=1486 (full 1464):
 garbage-first heap   total 99328K, used 28712K [0x00000000c0000000, 0x0000000100000000)
  region size 1024K, 0 young (0K), 0 survivors (0K)
 Metaspace       used 58468K, committed 59072K, reserved 1114112K
  class space    used 7219K, committed 7488K, reserved 1048576K
}
Event: 20944.083 GC heap before
{Heap before GC invocations=1486 (full 1464):
 garbage-first heap   total 99328K, used 28712K [0x00000000c0000000, 0x0000000100000000)
  region size 1024K, 1 young (1024K), 0 survivors (0K)
 Metaspace       used 58468K, committed 59072K, reserved 1114112K
  class space    used 7219K, committed 7488K, reserved 1048576K
}
Event: 20944.176 GC heap after
{Heap after GC invocations=1487 (full 1465):
 garbage-first heap   total 99328K, used 28712K [0x00000000c0000000, 0x0000000100000000)
  region size 1024K, 0 young (0K), 0 survivors (0K)
 Metaspace       used 58468K, committed 59072K, reserved 1114112K
  class space    used 7219K, committed 7488K, reserved 1048576K
}
Event: 20955.352 GC heap before
{Heap before GC invocations=1487 (full 1465):
 garbage-first heap   total 99328K, used 28712K [0x00000000c0000000, 0x0000000100000000)
  region size 1024K, 1 young (1024K), 0 survivors (0K)
 Metaspace       used 58468K, committed 59072K, reserved 1114112K
  class space    used 7219K, committed 7488K, reserved 1048576K
}
Event: 20955.412 GC heap after
{Heap after GC invocations=1488 (full 1466):
 garbage-first heap   total 99328K, used 28712K [0x00000000c0000000, 0x0000000100000000)
  region size 1024K, 0 young (0K), 0 survivors (0K)
 Metaspace       used 58468K, committed 59072K, reserved 1114112K
  class space    used 7219K, committed 7488K, reserved 1048576K
}

