# JRE version: OpenJDK Runtime Environment Temurin-17.0.11+9 (17.0.11+9) (build 17.0.11+9)
# Java VM: OpenJDK 64-Bit Server VM Temurin-17.0.11+9 (17.0.11+9, mixed mode, emulated-client, tiered, compressed oops, compressed class ptrs, g1 gc, windows-amd64)
GC Precious Log:
 CPUs: 8 total, 8 available
 Memory: 3982M
 Large Page Support: Disabled
 NUMA Support: Disabled
 Compressed Oops: Enabled (32-bit)
 Heap Region Size: 1M
 Heap Min Capacity: 8M
 Heap Initial Capacity: 64M
 Heap Max Capacity: 1G
 Pre-touch: Disabled
 Parallel Workers: 8
 Concurrent Workers: 2
 Concurrent Refinement Workers: 8
 Periodic GC: Disabled
Heap:
 garbage-first heap   total 78848K, used 24385K [0x00000000c0000000, 0x0000000100000000)
  region size 1024K, 1 young (1024K), 0 survivors (0K)
 Metaspace       used 38261K, committed 38848K, reserved 1114112K
  class space    used 4995K, committed 5248K, reserved 1048576K
GC Heap History (20 events):
Event: 5989.458 GC heap before
{Heap before GC invocations=578 (full 567):
 garbage-first heap   total 78848K, used 24385K [0x00000000c0000000, 0x0000000100000000)
  region size 1024K, 1 young (1024K), 0 survivors (0K)
 Metaspace       used 38261K, committed 38848K, reserved 1114112K
  class space    used 4995K, committed 5248K, reserved 1048576K
}
Event: 5989.498 GC heap after
{Heap after GC invocations=579 (full 568):
 garbage-first heap   total 78848K, used 24385K [0x00000000c0000000, 0x0000000100000000)
  region size 1024K, 0 young (0K), 0 survivors (0K)
 Metaspace       used 38261K, committed 38848K, reserved 1114112K
  class space    used 4995K, committed 5248K, reserved 1048576K
}
Event: 5999.787 GC heap before
{Heap before GC invocations=579 (full 568):
 garbage-first heap   total 78848K, used 24385K [0x00000000c0000000, 0x0000000100000000)
  region size 1024K, 1 young (1024K), 0 survivors (0K)
 Metaspace       used 38261K, committed 38848K, reserved 1114112K
  class space    used 4995K, committed 5248K, reserved 1048576K
}
Event: 5999.830 GC heap after
{Heap after GC invocations=580 (full 569):
 garbage-first heap   total 78848K, used 24385K [0x00000000c0000000, 0x0000000100000000)
  region size 1024K, 0 young (0K), 0 survivors (0K)
 Metaspace       used 38261K, committed 38848K, reserved 1114112K
  class space    used 4995K, committed 5248K, reserved 1048576K
}
Event: 6010.098 GC heap before
{Heap before GC invocations=580 (full 569):
 garbage-first heap   total 78848K, used 24385K [0x00000000c0000000, 0x0000000100000000)
  region size 1024K, 1 young (1024K), 0 survivors (0K)
 Metaspace       used 38261K, committed 38848K, reserved 1114112K
  class space    used 4995K, committed 5248K, reserved 1048576K
}
Event: 6010.143 GC heap after
{Heap after GC invocations=581 (full 570):
 garbage-first heap   total 78848K, used 24385K [0x00000000c0000000, 0x0000000100000000)
  region size 1024K, 0 young (0K), 0 survivors (0K)
 Metaspace       used 38261K, committed 38848K, reserved 1114112K
  class space    used 4995K, committed 5248K, reserved 1048576K
}
Event: 6020.504 GC heap before
{Heap before GC invocations=581 (full 570):
 garbage-first heap   total 78848K, used 24385K [0x00000000c0000000, 0x0000000100000000)
  region size 1024K, 1 young (1024K), 0 survivors (0K)
 Metaspace       used 38261K, committed 38848K, reserved 1114112K
  class space    used 4995K, committed 5248K, reserved 1048576K
}
Event: 6020.559 GC heap after
{Heap after GC invocations=582 (full 571):
 garbage-first heap   total 78848K, used 24385K [0x00000000c0000000, 0x0000000100000000)
  region size 1024K, 0 young (0K), 0 survivors (0K)
 Metaspace       used 38261K, committed 38848K, reserved 1114112K
  class space    used 4995K, committed 5248K, reserved 1048576K
}
Event: 6030.961 GC heap before
{Heap before GC invocations=582 (full 571):
 garbage-first heap   total 78848K, used 24385K [0x00000000c0000000, 0x0000000100000000)
  region size 1024K, 1 young (1024K), 0 survivors (0K)
 Metaspace       used 38261K, committed 38848K, reserved 1114112K
  class space    used 4995K, committed 5248K, reserved 1048576K
}
Event: 6031.005 GC heap after
{Heap after GC invocations=583 (full 572):
 garbage-first heap   total 78848K, used 24385K [0x00000000c0000000, 0x0000000100000000)
  region size 1024K, 0 young (0K), 0 survivors (0K)
 Metaspace       used 38261K, committed 38848K, reserved 1114112K
  class space    used 4995K, committed 5248K, reserved 1048576K
}
Event: 6041.269 GC heap before
{Heap before GC invocations=583 (full 572):
 garbage-first heap   total 78848K, used 24385K [0x00000000c0000000, 0x0000000100000000)
  region size 1024K, 1 young (1024K), 0 survivors (0K)
 Metaspace       used 38261K, committed 38848K, reserved 1114112K
  class space    used 4995K, committed 5248K, reserved 1048576K
}
Event: 6041.310 GC heap after
{Heap after GC invocations=584 (full 573):
 garbage-first heap   total 78848K, used 24385K [0x00000000c0000000, 0x0000000100000000)
  region size 1024K, 0 young (0K), 0 survivors (0K)
 Metaspace       used 38261K, committed 38848K, reserved 1114112K
  class space    used 4995K, committed 5248K, reserved 1048576K
}
Event: 6051.652 GC heap before
{Heap before GC invocations=584 (full 573):
 garbage-first heap   total 78848K, used 24385K [0x00000000c0000000, 0x0000000100000000)
  region size 1024K, 1 young (1024K), 0 survivors (0K)
 Metaspace       used 38261K, committed 38848K, reserved 1114112K
  class space    used 4995K, committed 5248K, reserved 1048576K
}
Event: 6051.704 GC heap after
{Heap after GC invocations=585 (full 574):
 garbage-first heap   total 78848K, used 24385K [0x00000000c0000000, 0x0000000100000000)
  region size 1024K, 0 young (0K), 0 survivors (0K)
 Metaspace       used 38261K, committed 38848K, reserved 1114112K
  class space    used 4995K, committed 5248K, reserved 1048576K
}
Event: 6061.969 GC heap before
{Heap before GC invocations=585 (full 574):
 garbage-first heap   total 78848K, used 24385K [0x00000000c0000000, 0x0000000100000000)
  region size 1024K, 1 young (1024K), 0 survivors (0K)
 Metaspace       used 38261K, committed 38848K, reserved 1114112K
  class space    used 4995K, committed 5248K, reserved 1048576K
}
Event: 6062.010 GC heap after
{Heap after GC invocations=586 (full 575):
 garbage-first heap   total 78848K, used 24385K [0x00000000c0000000, 0x0000000100000000)
  region size 1024K, 0 young (0K), 0 survivors (0K)
 Metaspace       used 38261K, committed 38848K, reserved 1114112K
  class space    used 4995K, committed 5248K, reserved 1048576K
}
Event: 6072.264 GC heap before
{Heap before GC invocations=586 (full 575):
 garbage-first heap   total 78848K, used 24385K [0x00000000c0000000, 0x0000000100000000)
  region size 1024K, 1 young (1024K), 0 survivors (0K)
 Metaspace       used 38261K, committed 38848K, reserved 1114112K
  class space    used 4995K, committed 5248K, reserved 1048576K
}
Event: 6072.308 GC heap after
{Heap after GC invocations=587 (full 576):
 garbage-first heap   total 78848K, used 24385K [0x00000000c0000000, 0x0000000100000000)
  region size 1024K, 0 young (0K), 0 survivors (0K)
 Metaspace       used 38261K, committed 38848K, reserved 1114112K
  class space    used 4995K, committed 5248K, reserved 1048576K
}
Event: 6082.588 GC heap before
{Heap before GC invocations=587 (full 576):
 garbage-first heap   total 78848K, used 24385K [0x00000000c0000000, 0x0000000100000000)
  region size 1024K, 1 young (1024K), 0 survivors (0K)
 Metaspace       used 38261K, committed 38848K, reserved 1114112K
  class space    used 4995K, committed 5248K, reserved 1048576K
}
Event: 6082.630 GC heap after
{Heap after GC invocations=588 (full 577):
 garbage-first heap   total 78848K, used 24385K [0x00000000c0000000, 0x0000000100000000)
  region size 1024K, 0 young (0K), 0 survivors (0K)
 Metaspace       used 38261K, committed 38848K, reserved 1114112K
  class space    used 4995K, committed 5248K, reserved 1048576K
}

